<?xml version="1.0" encoding="UTF-8"?>
<testng-results ignored="0" total="1" passed="1" failed="0" skipped="0">
  <reporter-output>
  </reporter-output>
  <suite started-at="2020-05-22T16:54:58 IST" name="Suite" finished-at="2020-05-22T16:57:00 IST" duration-ms="122100">
    <groups>
    </groups>
    <test started-at="2020-05-22T16:54:58 IST" name="Test" finished-at="2020-05-22T16:57:00 IST" duration-ms="122100">
      <class name="applicationTests.MobilePriceTest">
        <test-method is-config="true" signature="IPhonePriceVerify()[pri:0, instance:applicationTests.MobilePriceTest@6ce139a4]" started-at="2020-05-22T16:54:58 IST" name="IPhonePriceVerify" finished-at="2020-05-22T16:56:59 IST" duration-ms="121594" status="PASS">
          <reporter-output>
          </reporter-output>
        </test-method> <!-- IPhonePriceVerify -->
        <test-method signature="comparePrice()[pri:0, instance:applicationTests.MobilePriceTest@6ce139a4]" started-at="2020-05-22T16:56:59 IST" name="comparePrice" finished-at="2020-05-22T16:56:59 IST" duration-ms="18" status="PASS">
          <reporter-output>
          </reporter-output>
        </test-method> <!-- comparePrice -->
        <test-method is-config="true" signature="closeBrowser()[pri:0, instance:applicationTests.MobilePriceTest@6ce139a4]" started-at="2020-05-22T16:56:59 IST" name="closeBrowser" finished-at="2020-05-22T16:57:00 IST" duration-ms="426" status="PASS">
          <reporter-output>
          </reporter-output>
        </test-method> <!-- closeBrowser -->
      </class> <!-- applicationTests.MobilePriceTest -->
    </test> <!-- Test -->
  </suite> <!-- Suite -->
</testng-results>
